app/platforms/android/manifest-merger-release-report.txt
-- Merging decision tree log ---
manifest
ADDED from AndroidManifest.xml:2:1
	android:hardwareAccelerated
		ADDED from AndroidManifest.xml:2:11
	xmlns:android
		ADDED from AndroidManifest.xml:2:123
	package
		ADDED from AndroidManifest.xml:2:98
	android:versionName
		ADDED from AndroidManifest.xml:2:70
	android:versionCode
		ADDED from AndroidManifest.xml:2:46
		INJECTED from AndroidManifest.xml:0:0
		INJECTED from AndroidManifest.xml:0:0
uses-sdk
ADDED from AndroidManifest.xml:3:5
MERGED from com.android.support:support-v4:22.2.1:20:5
MERGED from android:CordovaLib:unspecified:release:25:5
	android:targetSdkVersion
		ADDED from AndroidManifest.xml:3:42
	android:minSdkVersion
		ADDED from AndroidManifest.xml:3:15
supports-screens
ADDED from AndroidManifest.xml:4:5
	android:resizeable
		ADDED from AndroidManifest.xml:4:106
	android:largeScreens
		ADDED from AndroidManifest.xml:4:49
	android:anyDensity
		ADDED from AndroidManifest.xml:4:23
	android:normalScreens
		ADDED from AndroidManifest.xml:4:77
	android:xlargeScreens
		ADDED from AndroidManifest.xml:4:160
	android:smallScreens
		ADDED from AndroidManifest.xml:4:132
uses-permission#android.permission.ACCESS_COARSE_LOCATION
ADDED from AndroidManifest.xml:5:5
	android:name
		ADDED from AndroidManifest.xml:5:22
uses-permission#android.permission.ACCESS_FINE_LOCATION
ADDED from AndroidManifest.xml:6:5
	android:name
		ADDED from AndroidManifest.xml:6:22
uses-permission#android.permission.INTERNET
ADDED from AndroidManifest.xml:7:5
	android:name
		ADDED from AndroidManifest.xml:7:22
uses-permission#android.permission.ACCESS_NETWORK_STATE
ADDED from AndroidManifest.xml:8:5
	android:name
		ADDED from AndroidManifest.xml:8:22
uses-permission#android.permission.ACCESS_WIFI_STATE
ADDED from AndroidManifest.xml:9:5
	android:name
		ADDED from AndroidManifest.xml:9:22
uses-permission#android.permission.READ_PHONE_STATE
ADDED from AndroidManifest.xml:10:5
	android:name
		ADDED from AndroidManifest.xml:10:22
uses-permission#android.permission.WRITE_EXTERNAL_STORAGE
ADDED from AndroidManifest.xml:11:5
	android:name
		ADDED from AndroidManifest.xml:11:22
uses-permission#android.permission.READ_EXTERNAL_STORAGE
ADDED from AndroidManifest.xml:14:5
	android:maxSdkVersion
		ADDED from AndroidManifest.xml:14:22
	android:name
		ADDED from AndroidManifest.xml:14:49
uses-permission#android.permission.KILL_BACKGROUND_PROCESSES
ADDED from AndroidManifest.xml:15:5
	android:name
		ADDED from AndroidManifest.xml:15:22
application
ADDED from AndroidManifest.xml:16:5
MERGED from com.android.support:support-v4:22.2.1:22:5
	android:supportsRtl
		ADDED from AndroidManifest.xml:16:156
	android:label
		ADDED from AndroidManifest.xml:16:83
	android:icon
		ADDED from AndroidManifest.xml:16:53
	android:hardwareAccelerated
		ADDED from AndroidManifest.xml:16:18
	android:name
		ADDED from AndroidManifest.xml:16:116
activity#com.xebest.app.MainActivity
ADDED from AndroidManifest.xml:17:9
	android:windowSoftInputMode
		ADDED from AndroidManifest.xml:17:285
	android:screenOrientation
		ADDED from AndroidManifest.xml:17:194
	android:label
		ADDED from AndroidManifest.xml:17:97
	android:configChanges
		ADDED from AndroidManifest.xml:17:19
	android:theme
		ADDED from AndroidManifest.xml:17:231
	android:name
		ADDED from AndroidManifest.xml:17:166
	android:launchMode
		ADDED from AndroidManifest.xml:17:135
intent-filter#android.intent.action.MAIN+android.intent.category.LAUNCHER
ADDED from AndroidManifest.xml:18:13
	android:label
		ADDED from AndroidManifest.xml:18:28
action#android.intent.action.MAIN
ADDED from AndroidManifest.xml:19:17
	android:name
		ADDED from AndroidManifest.xml:19:25
category#android.intent.category.LAUNCHER
ADDED from AndroidManifest.xml:20:17
	android:name
		ADDED from AndroidManifest.xml:20:27